<?xml version="1.0" encoding="UTF-8"?>
<testng-results ignored="0" total="1" passed="1" failed="0" skipped="0">
  <reporter-output>
  </reporter-output>
  <suite started-at="2026-04-21T21:44:24 IST" name="Default suite" finished-at="2026-04-21T21:44:45 IST" duration-ms="20643">
    <groups>
    </groups>
    <test started-at="2026-04-21T21:44:24 IST" name="Default test" finished-at="2026-04-21T21:44:45 IST" duration-ms="20643">
      <class name="com.orangrhrm.test.DummyTest">
        <test-method is-config="true" signature="getSetup()[pri:0, instance:com.orangrhrm.test.DummyTest@7a69b07]" started-at="2026-04-21T21:44:24 IST" name="getSetup" finished-at="2026-04-21T21:44:45 IST" duration-ms="20523" status="PASS">
          <reporter-output>
          </reporter-output>
        </test-method> <!-- getSetup -->
        <test-method signature="dummyTest()[pri:0, instance:com.orangrhrm.test.DummyTest@7a69b07]" started-at="2026-04-21T21:44:45 IST" name="dummyTest" finished-at="2026-04-21T21:44:45 IST" duration-ms="14" status="PASS">
          <reporter-output>
          </reporter-output>
        </test-method> <!-- dummyTest -->
        <test-method is-config="true" signature="tearDown()[pri:0, instance:com.orangrhrm.test.DummyTest@7a69b07]" started-at="2026-04-21T21:44:45 IST" name="tearDown" finished-at="2026-04-21T21:44:45 IST" duration-ms="92" status="PASS">
          <reporter-output>
          </reporter-output>
        </test-method> <!-- tearDown -->
      </class> <!-- com.orangrhrm.test.DummyTest -->
    </test> <!-- Default test -->
  </suite> <!-- Default suite -->
</testng-results>
